mvn -e integration-test
[INFO] ------------------------------------------------------------------------
[ERROR] BUILD FAILURE
[INFO] ------------------------------------------------------------------------
[INFO] Compilation failure
D:\MyWorks\steps\step6\functest\src\it\com\mycompany\app\functest\FirstTest.java:[22,25] cannot find symbol
symbol  : constructor SeleniumServer(int)
location: class org.openqa.selenium.server.SeleniumServer

<project xmlns="http://maven.apache.org/POM/4.0.0" xmlns:xsi="http://www.w3.org/2001/XMLSchema-instance"
  xsi:schemaLocation="http://maven.apache.org/POM/4.0.0 http://maven.apache.org/maven-v4_0_0.xsd">
  <modelVersion>4.0.0</modelVersion>

  <parent>
    <artifactId>myapp</artifactId>
    <groupId>com.mycompany</groupId>
    <version>1.0-SNAPSHOT</version>
  </parent>

 <artifactId>functest</artifactId>
  <name>functional-tests</name>
  <packaging>pom</packaging>

  <dependencies>
    <dependency>
      <groupId>org.seleniumhq.selenium.client-drivers</groupId>
      <artifactId>selenium-java-client-driver</artifactId>
      <version>1.0</version>
      <scope>test</scope>
    </dependency>

     <dependency>
      <groupId>org.openqa.selenium.server</groupId>
      <artifactId>selenium-server</artifactId>
      <version>1.0.1</version>
      <scope>test</scope>
    </dependency>

    <dependency>
      <groupId>org.testng</groupId>
      <artifactId>testng</artifactId>
      <version>5.1</version>
      <scope>test</scope>
      <classifier>jdk15</classifier>
    </dependency>
  </dependencies>

  <build>
    <testSourceDirectory>src/it</testSourceDirectory>
    <plugins>
      <plugin>
        <groupId>org.apache.maven.plugins</groupId>
        <artifactId>maven-compiler-plugin</artifactId>
        <executions>
          <execution>
            <goals>
              <goal>testCompile</goal>
            </goals>
          </execution>
        </executions>
        <configuration>
          <source>1.5</source>
          <target>1.5</target>
        </configuration>
      </plugin>

      <plugin>
        <groupId>org.apache.maven.plugins</groupId>
        <artifactId>maven-surefire-plugin</artifactId>
        <version>2.4.3</version>
        <executions>
          <execution>
            <phase>integration-test</phase>
            <goals>
              <goal>test</goal>
            </goals>
          </execution>
        </executions>
        <configuration>
          <suiteXmlFiles>
            <suiteXmlFile>src/it/testng.xml</suiteXmlFile>
          </suiteXmlFiles>
        </configuration>
      </plugin>
    </plugins>
  </build>
</project>

