@RunWith(PowerMockRunner.class)
@PrepareForTest( { UserLocalServiceUtil.class, ExpandoBridge.class })
public class AlertNotificationsTest {
//...

mvn -Dtest=AlertNotificationsTest test
    <dependency>
        <groupId>org.testng</groupId>
        <artifactId>testng</artifactId>
        <version>5.9</version>
        <classifier>jdk15</classifier>
        <scope>test</scope>
    </dependency>
    <dependency>
        <groupId>junit</groupId>
        <artifactId>junit</artifactId>
        <version>4.6</version>
        <scope>test</scope>
    </dependency>
    <dependency>
        <groupId>org.mockito</groupId>
        <artifactId>mockito-all</artifactId>
        <version>1.8.0</version>
        <scope>test</scope>
    </dependency>
    <dependency>
        <groupId>org.powermock.modules</groupId>
        <artifactId>powermock-module-junit4</artifactId>
        <version>1.3.1</version>
        <scope>test</scope>
    </dependency>
    <dependency>
        <groupId>org.powermock.api</groupId>
        <artifactId>powermock-api-mockito</artifactId>
        <version>1.3.1</version>
        <scope>test</scope>
    </dependency>
</dependencies>

...
[INFO] Surefire report directory: C:\Devel\Java\EP_PORTAL\information-provider\target\surefi

-------------------------------------------------------
 T E S T S
-------------------------------------------------------
Running TestSuite
Tests run: 0, Failures: 0, Errors: 0, Skipped: 0, Time elapsed: 0.313 sec

Results :

Tests run: 0, Failures: 0, Errors: 0, Skipped: 0

[INFO] ------------------------------------------------------------------------
[ERROR] BUILD FAILURE
[INFO] ------------------------------------------------------------------------
[INFO] No tests were executed!  (Set -DfailIfNoTests=false to ignore this error.)
[INFO] ------------------------------------------------------------------------

AlertNotificationsTest
junit.framework.TestCase
PowerMockRunner
Running TestSuite
[ERROR]: No test suite found.  Nothing to run
Tests run: 4, Failures: 2, Errors: 0, Skipped: 0, Time elapsed: 1.053 sec <<< FAILURE!

Results :

Failed tests:
  testSingleEventNotification(pt.estradasportugal.traffic.services.events.AlertNotificationsTest)
  testTwoEventNotification(pt.estradasportugal.traffic.services.events.AlertNotificationsTest)

Tests run: 4, Failures: 2, Errors: 0, Skipped: 0

mvn test
